[2023-05-11T14:28:32.417Z] Iniciando aplicação com os parametros: {
  "page": {
    "current": 1,
    "end": null,
    "limit": 10
  }
}
[2023-05-11T14:28:32.418Z] Iniciando carga de dados com os parametros
[2023-05-11T14:28:32.419Z] Buscando monstros da página 1
[2023-05-11T14:28:32.502Z] Finalizando aplicação
[2023-05-11T14:28:34.002Z] Monstros da página 1 encontrados: 10
[2023-05-11T14:28:34.003Z] Buscando monstros da página 2
[2023-05-11T14:28:34.802Z] Monstros da página 2 encontrados: 10
[2023-05-11T14:28:34.802Z] Buscando monstros da página 3
[2023-05-11T14:28:35.940Z] Monstros da página 3 encontrados: 10
[2023-05-11T14:28:35.940Z] Buscando monstros da página 4
[2023-05-11T14:28:37.882Z] Monstros da página 4 encontrados: 10
[2023-05-11T14:28:37.882Z] Buscando monstros da página 5
[2023-05-11T14:28:39.432Z] Monstros da página 5 encontrados: 10
[2023-05-11T14:28:39.433Z] Buscando monstros da página 6
[2023-05-11T14:28:40.545Z] Monstros da página 6 encontrados: 10
[2023-05-11T14:28:40.545Z] Buscando monstros da página 7
[2023-05-11T14:28:42.183Z] Monstros da página 7 encontrados: 10
[2023-05-11T14:28:42.184Z] Buscando monstros da página 8
[2023-05-11T14:28:43.875Z] Monstros da página 8 encontrados: 10
[2023-05-11T14:28:43.876Z] Buscando monstros da página 9
